Library/Bee/Android/Prj/IL2CPP/Gradle/unityLibrary/build/intermediates/manifest_merge_blame_file/release/manifest-merger-blame-release-report.txt
1<?xml version="1.0" encoding="utf-8"?>
2<manifest xmlns:android="http://schemas.android.com/apk/res/android"
3    xmlns:tools="http://schemas.android.com/tools"
4    package="com.unity3d.player" >
5
6    <uses-sdk
7        android:minSdkVersion="24"
7-->src\main\AndroidManifest.xml
8        android:targetSdkVersion="32" />
8-->src\main\AndroidManifest.xml
9
10    <uses-permission android:name="android.permission.INTERNET" />
10-->src\main\AndroidManifest.xml:2:3-65
10-->src\main\AndroidManifest.xml:2:20-62
11    <uses-permission android:name="android.permission.ACCESS_FINE_LOCATION" />
11-->src\main\AndroidManifest.xml:3:3-77
11-->src\main\AndroidManifest.xml:3:20-74
12    <uses-permission android:name="android.permission.ACCESS_COARSE_LOCATION" />
12-->src\main\AndroidManifest.xml:4:3-79
12-->src\main\AndroidManifest.xml:4:20-76
13
14    <uses-feature android:glEsVersion="0x00030000" />
14-->src\main\AndroidManifest.xml:5:3-52
14-->src\main\AndroidManifest.xml:5:17-49
15    <uses-feature
15-->src\main\AndroidManifest.xml:6:3-89
16        android:name="android.hardware.location.gps"
16-->src\main\AndroidManifest.xml:6:17-61
17        android:required="false" />
17-->src\main\AndroidManifest.xml:6:62-86
18    <uses-feature
18-->src\main\AndroidManifest.xml:7:3-85
19        android:name="android.hardware.location"
19-->src\main\AndroidManifest.xml:7:17-57
20        android:required="false" />
20-->src\main\AndroidManifest.xml:7:58-82
21    <uses-feature
21-->src\main\AndroidManifest.xml:8:3-88
22        android:name="android.hardware.touchscreen"
22-->src\main\AndroidManifest.xml:8:17-60
23        android:required="false" />
23-->src\main\AndroidManifest.xml:8:61-85
24    <uses-feature
24-->src\main\AndroidManifest.xml:9:3-99
25        android:name="android.hardware.touchscreen.multitouch"
25-->src\main\AndroidManifest.xml:9:17-71
26        android:required="false" />
26-->src\main\AndroidManifest.xml:9:72-96
27    <uses-feature
27-->src\main\AndroidManifest.xml:10:3-108
28        android:name="android.hardware.touchscreen.multitouch.distinct"
28-->src\main\AndroidManifest.xml:10:17-80
29        android:required="false" />
29-->src\main\AndroidManifest.xml:10:81-105
30
31    <uses-permission android:name="android.permission.CAMERA" />
31-->src\main\AndroidManifest.xml:29:3-63
31-->src\main\AndroidManifest.xml:29:20-60
32
33    <uses-feature
33-->src\main\AndroidManifest.xml:30:3-85
34        android:name="android.hardware.camera.ar"
34-->src\main\AndroidManifest.xml:30:17-58
35        android:required="true" />
35-->src\main\AndroidManifest.xml:30:59-82
36    <uses-feature
36-->src\main\AndroidManifest.xml:31:3-83
37        android:name="com.google.ar.core.depth"
37-->src\main\AndroidManifest.xml:31:17-56
38        android:required="true" />
38-->src\main\AndroidManifest.xml:31:57-80
39
40    <application android:extractNativeLibs="true" >
40-->src\main\AndroidManifest.xml:11:3-28:17
40-->src\main\AndroidManifest.xml:11:16-48
41        <meta-data
41-->src\main\AndroidManifest.xml:12:5-69
42            android:name="unity.splash-mode"
42-->src\main\AndroidManifest.xml:12:16-48
43            android:value="0" />
43-->src\main\AndroidManifest.xml:12:49-66
44        <meta-data
44-->src\main\AndroidManifest.xml:13:5-74
45            android:name="unity.splash-enable"
45-->src\main\AndroidManifest.xml:13:16-50
46            android:value="True" />
46-->src\main\AndroidManifest.xml:13:51-71
47        <meta-data
47-->src\main\AndroidManifest.xml:14:5-78
48            android:name="unity.launch-fullscreen"
48-->src\main\AndroidManifest.xml:14:16-54
49            android:value="True" />
49-->src\main\AndroidManifest.xml:14:55-75
50        <meta-data
50-->src\main\AndroidManifest.xml:15:5-84
51            android:name="unity.allow-resizable-window"
51-->src\main\AndroidManifest.xml:15:16-59
52            android:value="False" />
52-->src\main\AndroidManifest.xml:15:60-81
53        <meta-data
53-->src\main\AndroidManifest.xml:16:5-81
54            android:name="notch.config"
54-->src\main\AndroidManifest.xml:16:16-43
55            android:value="portrait|landscape" />
55-->src\main\AndroidManifest.xml:16:44-78
56        <meta-data
56-->src\main\AndroidManifest.xml:17:5-84
57            android:name="unity.auto-report-fully-drawn"
57-->src\main\AndroidManifest.xml:17:16-60
58            android:value="true" />
58-->src\main\AndroidManifest.xml:17:61-81
59
60        <activity
60-->src\main\AndroidManifest.xml:18:5-25:16
61            android:name="com.unity3d.player.UnityPlayerActivity"
61-->src\main\AndroidManifest.xml:18:15-68
62            android:configChanges="mcc|mnc|locale|touchscreen|keyboard|keyboardHidden|navigation|orientation|screenLayout|uiMode|screenSize|smallestScreenSize|fontScale|layoutDirection|density"
62-->src\main\AndroidManifest.xml:18:180-361
63            android:exported="true"
63-->src\main\AndroidManifest.xml:18:433-456
64            android:hardwareAccelerated="false"
64-->src\main\AndroidManifest.xml:18:397-432
65            android:launchMode="singleTask"
65-->src\main\AndroidManifest.xml:18:148-179
66            android:resizeableActivity="false"
66-->src\main\AndroidManifest.xml:18:362-396
67            android:screenOrientation="fullUser"
67-->src\main\AndroidManifest.xml:18:111-147
68            android:theme="@style/UnityThemeSelector" >
68-->src\main\AndroidManifest.xml:18:69-110
69            <intent-filter>
69-->src\main\AndroidManifest.xml:19:7-22:23
70                <category android:name="android.intent.category.LAUNCHER" />
70-->src\main\AndroidManifest.xml:20:9-69
70-->src\main\AndroidManifest.xml:20:19-66
71
72                <action android:name="android.intent.action.MAIN" />
72-->src\main\AndroidManifest.xml:21:9-61
72-->src\main\AndroidManifest.xml:21:17-58
73            </intent-filter>
74
75            <meta-data
75-->src\main\AndroidManifest.xml:23:7-82
76                android:name="unityplayer.UnityActivity"
76-->src\main\AndroidManifest.xml:23:18-58
77                android:value="true" />
77-->src\main\AndroidManifest.xml:23:59-79
78            <meta-data
78-->src\main\AndroidManifest.xml:24:7-70
79                android:name="notch_support"
79-->src\main\AndroidManifest.xml:24:18-46
80                android:value="true" />
80-->src\main\AndroidManifest.xml:24:47-67
81        </activity>
82
83        <meta-data
83-->src\main\AndroidManifest.xml:26:5-88
84            android:name="unityplayer.SkipPermissionsDialog"
84-->src\main\AndroidManifest.xml:26:16-64
85            android:value="true" />
85-->src\main\AndroidManifest.xml:26:65-85
86        <meta-data
86-->src\main\AndroidManifest.xml:27:5-77
87            android:name="com.google.ar.core"
87-->src\main\AndroidManifest.xml:27:16-49
88            android:value="required" />
88-->src\main\AndroidManifest.xml:27:50-74
89    </application>
90
91</manifest>